Сборка начата 16.05.2016 10:14:42.
     1>Проект "C:\Users\Юра\Documents\Visual Studio 2013\Projects\Dijkstra\Dijkstra\Dijkstra.vcxproj" в узле 2 (целевые объекты Build).
     1>ClCompile:
         C:\Program Files (x86)\Microsoft Visual Studio 12.0\VC\bin\CL.exe /c /ZI /nologo /W3 /WX- /sdl /Od /Oy- /D _MBCS /Gm /EHsc /RTC1 /MDd /GS /fp:precise /Zc:wchar_t /Zc:forScope /Fo"Debug\\" /Fd"Debug\vc120.pdb" /Gd /TP /analyze- /errorReport:prompt main.cpp
         main.cpp
     1>c:\users\юра\documents\visual studio 2013\projects\dijkstra\dijkstra\main.cpp(29): warning C4018: <: несоответствие типов со знаком и без знака
     1>c:\users\юра\documents\visual studio 2013\projects\dijkstra\dijkstra\main.cpp(42): warning C4018: <: несоответствие типов со знаком и без знака
     1>c:\users\юра\documents\visual studio 2013\projects\dijkstra\dijkstra\main.cpp(60): warning C4018: <: несоответствие типов со знаком и без знака
     1>c:\users\юра\documents\visual studio 2013\projects\dijkstra\dijkstra\main.cpp(87): warning C4018: <: несоответствие типов со знаком и без знака
     1>c:\users\юра\documents\visual studio 2013\projects\dijkstra\dijkstra\main.cpp(92): warning C4018: <: несоответствие типов со знаком и без знака
     1>c:\users\юра\documents\visual studio 2013\projects\dijkstra\dijkstra\main.cpp(94): warning C4018: <: несоответствие типов со знаком и без знака
     1>c:\users\юра\documents\visual studio 2013\projects\dijkstra\dijkstra\main.cpp(117): warning C4018: <: несоответствие типов со знаком и без знака
     1>c:\users\юра\documents\visual studio 2013\projects\dijkstra\dijkstra\main.cpp(119): warning C4018: <: несоответствие типов со знаком и без знака
     1>c:\users\юра\documents\visual studio 2013\projects\dijkstra\dijkstra\main.cpp(134): warning C4018: <: несоответствие типов со знаком и без знака
     1>c:\users\юра\documents\visual studio 2013\projects\dijkstra\dijkstra\main.cpp(152): warning C4018: <: несоответствие типов со знаком и без знака
     1>c:\users\юра\documents\visual studio 2013\projects\dijkstra\dijkstra\main.cpp(169): warning C4018: <: несоответствие типов со знаком и без знака
     1>c:\users\юра\documents\visual studio 2013\projects\dijkstra\dijkstra\main.cpp(174): warning C4018: <: несоответствие типов со знаком и без знака
     1>c:\users\юра\documents\visual studio 2013\projects\dijkstra\dijkstra\main.cpp(176): warning C4018: <: несоответствие типов со знаком и без знака
     1>c:\users\юра\documents\visual studio 2013\projects\dijkstra\dijkstra\main.cpp(199): warning C4018: <: несоответствие типов со знаком и без знака
     1>c:\users\юра\documents\visual studio 2013\projects\dijkstra\dijkstra\main.cpp(201): warning C4018: <: несоответствие типов со знаком и без знака
     1>c:\users\юра\documents\visual studio 2013\projects\dijkstra\dijkstra\main.cpp(216): warning C4018: <: несоответствие типов со знаком и без знака
     1>c:\users\юра\documents\visual studio 2013\projects\dijkstra\dijkstra\main.cpp(234): warning C4018: <: несоответствие типов со знаком и без знака
       Link:
         C:\Program Files (x86)\Microsoft Visual Studio 12.0\VC\bin\link.exe /ERRORREPORT:PROMPT /OUT:"C:\Users\Юра\Documents\Visual Studio 2013\Projects\Dijkstra\Debug\Dijkstra.exe" /INCREMENTAL /NOLOGO kernel32.lib user32.lib gdi32.lib winspool.lib comdlg32.lib advapi32.lib shell32.lib ole32.lib oleaut32.lib uuid.lib odbc32.lib odbccp32.lib /MANIFEST /MANIFESTUAC:"level='asInvoker' uiAccess='false'" /manifest:embed /DEBUG /PDB:"C:\Users\Юра\Documents\Visual Studio 2013\Projects\Dijkstra\Debug\Dijkstra.pdb" /TLBID:1 /DYNAMICBASE /NXCOMPAT /IMPLIB:"C:\Users\Юра\Documents\Visual Studio 2013\Projects\Dijkstra\Debug\Dijkstra.lib" /MACHINE:X86 Debug\main.obj
         Dijkstra.vcxproj -> C:\Users\Юра\Documents\Visual Studio 2013\Projects\Dijkstra\Debug\Dijkstra.exe
     1>Сборка проекта "C:\Users\Юра\Documents\Visual Studio 2013\Projects\Dijkstra\Dijkstra\Dijkstra.vcxproj" завершена (целевые объекты Build).

Сборка успешно завершена.

Затраченное время: 00:00:04.54
